[19:13:37] [main/INFO] (FabricLoader) Loading for game Minecraft 201006183
[19:13:37] [main/DEBUG] (FabricLoader) Requesting deobfuscation of minecraft-inf-20100618-3-mapped-com.github.PheonixVX.ultimate-yarrn-1bb8086.jar
[19:13:37] [main/DEBUG] (FabricLoader) [Knot] Proposed file:/C:/Users/micha/.gradle/caches/fabric-loom/inf-20100618-3-mapped-com.github.PheonixVX.ultimate-yarrn-1bb8086/minecraft-inf-20100618-3-mapped-com.github.PheonixVX.ultimate-yarrn-1bb8086.jar to classpath.
[19:13:37] [main/DEBUG] (FabricLoader|EntrypointTransformer) Found game constructor: net.minecraft.client.MinecraftApplet -> net.minecraft.client.MinecraftClient
[19:13:37] [main/DEBUG] (FabricLoader|EntrypointTransformer) Patching game constructor <init>(Ljava/awt/Component;Ljava/awt/Canvas;Lnet/minecraft/client/MinecraftApplet;IIZ)V
[19:13:37] [main/DEBUG] (FabricLoader|EntrypointTransformer) [EntrypointTransformer] Patched 1 class.
[19:13:37] [main/DEBUG] (Fabric|Loader) [ClasspathModCandidateFinder] Adding dev classpath directories to classpath.
[19:13:37] [main/DEBUG] (Fabric|Loader) [ClasspathModCandidateFinder] Processing /C:/Users/micha/ultimate-mod/build/libs/textile-example-mod-1.0.0-dev.jar
[19:13:37] [ForkJoinPool-1-worker-1/DEBUG] (Fabric|Loader) Testing file:/C:/Users/micha/ultimate-mod/build/libs/textile-example-mod-1.0.0-dev.jar
[19:13:37] [main/DEBUG] (Fabric|Loader) [ClasspathModCandidateFinder] Processing /C:/Users/micha/ultimate-mod/.gradle/loom-cache/remapped_mods/fabric-loader-0.10.6+build.214@com.github.PheonixVX.ultimate-yarrn.inf_20100618_3.1bb8086.jar
[19:13:37] [ForkJoinPool-1-worker-2/DEBUG] (Fabric|Loader) Testing file:/C:/Users/micha/ultimate-mod/.gradle/loom-cache/remapped_mods/fabric-loader-0.10.6+build.214@com.github.PheonixVX.ultimate-yarrn.inf_20100618_3.1bb8086.jar
[19:13:37] [ForkJoinPool-1-worker-1/DEBUG] (Fabric|Loader) Adding file:/C:/Users/micha/ultimate-mod/build/libs/textile-example-mod-1.0.0-dev.jar as ModCandidate{modid@1.0.0}
[19:13:37] [ForkJoinPool-1-worker-2/DEBUG] (Fabric|Loader) Adding file:/C:/Users/micha/ultimate-mod/.gradle/loom-cache/remapped_mods/fabric-loader-0.10.6+build.214@com.github.PheonixVX.ultimate-yarrn.inf_20100618_3.1bb8086.jar as ModCandidate{fabricloader@0.10.6+build.214}
[19:13:37] [ForkJoinPool-1-worker-2/DEBUG] (Fabric|Loader) Searching for nested JARs in ModCandidate{fabricloader@0.10.6+build.214}
[19:13:37] [ForkJoinPool-1-worker-1/DEBUG] (Fabric|Loader) Searching for nested JARs in ModCandidate{modid@1.0.0}
[19:13:37] [ForkJoinPool-1-worker-2/DEBUG] (Fabric|Loader) file:/C:/Users/micha/ultimate-mod/.gradle/loom-cache/remapped_mods/fabric-loader-0.10.6+build.214@com.github.PheonixVX.ultimate-yarrn.inf_20100618_3.1bb8086.jar
[19:13:37] [ForkJoinPool-1-worker-1/DEBUG] (Fabric|Loader) file:/C:/Users/micha/ultimate-mod/build/libs/textile-example-mod-1.0.0-dev.jar
[19:13:37] [main/DEBUG] (Fabric|Loader) Mod resolution detection time: 26ms
[19:13:37] [main/DEBUG] (Fabric|Loader) Mod resolution time: 4ms
[19:13:37] [main/INFO] (Fabric|Loader) [FabricLoader] Loading 3 mods: minecraft@201006183, fabricloader@0.10.6+build.214, modid@1.0.0
[19:13:37] [main/DEBUG] (FabricLoader) [Knot] Proposed file:/C:/Users/micha/.gradle/caches/fabric-loom/inf-20100618-3-mapped-com.github.PheonixVX.ultimate-yarrn-1bb8086/minecraft-inf-20100618-3-mapped-com.github.PheonixVX.ultimate-yarrn-1bb8086.jar to classpath.
[19:13:37] [main/DEBUG] (FabricLoader) [Knot] Proposed file:/C:/Users/micha/ultimate-mod/build/libs/textile-example-mod-1.0.0-dev.jar to classpath.
[19:13:37] [main/DEBUG] (Fabric|Loader) Registering new-style initializer net.textilemc.examplemod.ExampleMod for mod modid (key main)
[19:13:37] [main/DEBUG] (mixin) Mixin bootstrap service org.spongepowered.asm.service.mojang.MixinServiceLaunchWrapperBootstrap is not available: LaunchWrapper is not available
[19:13:37] [main/DEBUG] (mixin) Mixin bootstrap service org.spongepowered.asm.service.modlauncher.MixinServiceModLauncherBootstrap is not available: ModLauncher is not available
[19:13:37] [main/DEBUG] (mixin) MixinService [LaunchWrapper] is not valid
[19:13:37] [main/DEBUG] (mixin) MixinService [ModLauncher] is not valid
[19:13:37] [main/DEBUG] (mixin) MixinService [Knot/Fabric] was successfully booted in sun.misc.Launcher$AppClassLoader@4d7e1886
[19:13:37] [main/INFO] (mixin) SpongePowered MIXIN Subsystem Version=0.8.2 Source=file:/C:/Users/micha/.gradle/caches/modules-2/files-2.1/net.fabricmc/sponge-mixin/0.8.2+build.24/e5a741445d0f425bf3cce946c6cf8c7fb8376b2/sponge-mixin-0.8.2+build.24.jar Service=Knot/Fabric Env=CLIENT
[19:13:37] [main/DEBUG] (mixin) Initialising Mixin Platform Manager
[19:13:37] [main/DEBUG] (mixin) Adding mixin platform agents for container ContainerHandleURI(file:/C:/Users/micha/ultimate-mod/.gradle/loom-cache/remapped_mods/fabric-loader-0.10.6+build.214@com.github.PheonixVX.ultimate-yarrn.inf_20100618_3.1bb8086.jar)
[19:13:37] [main/DEBUG] (mixin) Instancing new MixinPlatformAgentDefault for ContainerHandleURI(file:/C:/Users/micha/ultimate-mod/.gradle/loom-cache/remapped_mods/fabric-loader-0.10.6+build.214@com.github.PheonixVX.ultimate-yarrn.inf_20100618_3.1bb8086.jar)
[19:13:37] [main/DEBUG] (mixin) MixinPlatformAgentDefault accepted container ContainerHandleURI(file:/C:/Users/micha/ultimate-mod/.gradle/loom-cache/remapped_mods/fabric-loader-0.10.6+build.214@com.github.PheonixVX.ultimate-yarrn.inf_20100618_3.1bb8086.jar)
[19:13:37] [main/DEBUG] (mixin) Instancing new MixinPlatformAgentDefault for ContainerHandleURI(file:/C:/Users/micha/ultimate-mod/.gradle/loom-cache/remapped_mods/fabric-loader-0.10.6+build.214@com.github.PheonixVX.ultimate-yarrn.inf_20100618_3.1bb8086.jar)
[19:13:37] [main/DEBUG] (mixin) MixinPlatformAgentDefault accepted container ContainerHandleURI(file:/C:/Users/micha/ultimate-mod/.gradle/loom-cache/remapped_mods/fabric-loader-0.10.6+build.214@com.github.PheonixVX.ultimate-yarrn.inf_20100618_3.1bb8086.jar)
[19:13:37] [main/DEBUG] (mixin) Processing prepare() for PlatformAgent[MixinPlatformAgentDefault:ContainerHandleURI(file:/C:/Users/micha/ultimate-mod/.gradle/loom-cache/remapped_mods/fabric-loader-0.10.6+build.214@com.github.PheonixVX.ultimate-yarrn.inf_20100618_3.1bb8086.jar)]
[19:13:37] [main/DEBUG] (mixin) Processing prepare() for PlatformAgent[MixinPlatformAgentDefault:ContainerHandleURI(file:/C:/Users/micha/ultimate-mod/.gradle/loom-cache/remapped_mods/fabric-loader-0.10.6+build.214@com.github.PheonixVX.ultimate-yarrn.inf_20100618_3.1bb8086.jar)]
[19:13:37] [main/DEBUG] (FabricLoader) Loading mappings took 41 ms
[19:13:37] [main/INFO] (Fabric|MixinBootstrap) Loaded Fabric development mappings for mixin remapper!
[19:13:37] [main/DEBUG] (mixin) Mixin config modid.mixins.json does not specify "minVersion" property
[19:13:38] [main/DEBUG] (mixin) Error cleaning class output directory: .mixin.out\class: failed to delete one or more files; see suppressed exceptions for details
[19:13:38] [main/DEBUG] (Fabric|Loader) No subscribers for entrypoint 'preLaunch'
[19:13:38] [main/DEBUG] (mixin) Preparing mixins for MixinEnvironment[DEFAULT]
[19:13:38] [main/DEBUG] (mixin) Selecting config modid.mixins.json
[19:13:38] [main/DEBUG] (mixin) Preparing modid.mixins.json (1)
[19:13:38] [main/DEBUG] (mixin) Registering new injector for @Inject with org.spongepowered.asm.mixin.injection.struct.CallbackInjectionInfo
[19:13:38] [main/DEBUG] (mixin) Registering new injector for @ModifyArg with org.spongepowered.asm.mixin.injection.struct.ModifyArgInjectionInfo
[19:13:38] [main/DEBUG] (mixin) Registering new injector for @ModifyArgs with org.spongepowered.asm.mixin.injection.struct.ModifyArgsInjectionInfo
[19:13:38] [main/DEBUG] (mixin) Registering new injector for @Redirect with org.spongepowered.asm.mixin.injection.struct.RedirectInjectionInfo
[19:13:38] [main/DEBUG] (mixin) Registering new injector for @ModifyVariable with org.spongepowered.asm.mixin.injection.struct.ModifyVariableInjectionInfo
[19:13:38] [main/DEBUG] (mixin) Registering new injector for @ModifyConstant with org.spongepowered.asm.mixin.injection.struct.ModifyConstantInjectionInfo
[19:13:38] [main/DEBUG] (mixin) Mixing ExampleMixin from modid.mixins.json into net.minecraft.client.MinecraftClient
[19:13:38] [main/DEBUG] (Fabric|Loader) Iterating over entrypoint 'main'
[19:13:38] [main/DEBUG] (Fabric|Loader) No subscribers for entrypoint 'client'
